{"C:/Users/skira/HRMS-AVISOFT/src/App.jsx": {"path":"C:/Users/skira/HRMS-AVISOFT/src/App.jsx","statementMap":{"0":{"start":{"line":8,"column":2},"end":{"line":17,"column":null}}},"fnMap":{"0":{"name":"App","decl":{"start":{"line":6,"column":9},"end":{"line":6,"column":15}},"loc":{"start":{"line":6,"column":15},"end":{"line":20,"column":null}}}},"branchMap":{},"s":{"0":0},"f":{"0":0},"b":{}}
,"C:/Users/skira/HRMS-AVISOFT/src/main.jsx": {"path":"C:/Users/skira/HRMS-AVISOFT/src/main.jsx","statementMap":{"0":{"start":{"line":11,"column":0},"end":{"line":19,"column":null}}},"fnMap":{},"branchMap":{},"s":{"0":0},"f":{},"b":{}}
,"C:/Users/skira/HRMS-AVISOFT/src/components/core/Form/LoginFormTemplate.jsx": {"path":"C:/Users/skira/HRMS-AVISOFT/src/components/core/Form/LoginFormTemplate.jsx","statementMap":{"0":{"start":{"line":8,"column":26},"end":{"line":81,"column":null}},"1":{"start":{"line":9,"column":62},"end":{"line":9,"column":null}},"2":{"start":{"line":10,"column":21},"end":{"line":10,"column":null}},"3":{"start":{"line":11,"column":21},"end":{"line":11,"column":null}},"4":{"start":{"line":13,"column":21},"end":{"line":21,"column":null}},"5":{"start":{"line":15,"column":8},"end":{"line":18,"column":null}},"6":{"start":{"line":17,"column":12},"end":{"line":17,"column":null}},"7":{"start":{"line":19,"column":8},"end":{"line":19,"column":null}},"8":{"start":{"line":20,"column":8},"end":{"line":20,"column":null}},"9":{"start":{"line":23,"column":2},"end":{"line":79,"column":null}}},"fnMap":{"0":{"name":"(anonymous_0)","decl":{"start":{"line":8,"column":26},"end":{"line":8,"column":32}},"loc":{"start":{"line":8,"column":32},"end":{"line":81,"column":null}}},"1":{"name":"(anonymous_1)","decl":{"start":{"line":13,"column":21},"end":{"line":13,"column":22}},"loc":{"start":{"line":13,"column":31},"end":{"line":21,"column":null}}}},"branchMap":{"0":{"loc":{"start":{"line":15,"column":8},"end":{"line":18,"column":null}},"type":"if","locations":[{"start":{"line":15,"column":8},"end":{"line":18,"column":null}},{"start":{"line":15,"column":8},"end":{"line":18,"column":null}}]},"1":{"loc":{"start":{"line":61,"column":157},"end":{"line":61,"column":196}},"type":"cond-expr","locations":[{"start":{"line":61,"column":175},"end":{"line":61,"column":194}},{"start":{"line":61,"column":194},"end":{"line":61,"column":196}}]},"2":{"loc":{"start":{"line":65,"column":29},"end":{"line":65,"column":null}},"type":"binary-expr","locations":[{"start":{"line":65,"column":29},"end":{"line":65,"column":48}},{"start":{"line":65,"column":48},"end":{"line":65,"column":null}}]}},"s":{"0":1,"1":8,"2":8,"3":8,"4":8,"5":0,"6":0,"7":0,"8":0,"9":8},"f":{"0":8,"1":0},"b":{"0":[0,0],"1":[0,8],"2":[8,0]}}
,"C:/Users/skira/HRMS-AVISOFT/src/components/core/auth/OpenRoute.jsx": {"path":"C:/Users/skira/HRMS-AVISOFT/src/components/core/auth/OpenRoute.jsx","statementMap":{"0":{"start":{"line":6,"column":20},"end":{"line":6,"column":null}},"1":{"start":{"line":6,"column":43},"end":{"line":6,"column":53}},"2":{"start":{"line":8,"column":4},"end":{"line":9,"column":null}},"3":{"start":{"line":8,"column":23},"end":{"line":8,"column":null}},"4":{"start":{"line":9,"column":9},"end":{"line":9,"column":null}}},"fnMap":{"0":{"name":"OpenRoute","decl":{"start":{"line":5,"column":9},"end":{"line":5,"column":19}},"loc":{"start":{"line":5,"column":33},"end":{"line":10,"column":null}}},"1":{"name":"(anonymous_1)","decl":{"start":{"line":6,"column":32},"end":{"line":6,"column":33}},"loc":{"start":{"line":6,"column":43},"end":{"line":6,"column":53}}}},"branchMap":{"0":{"loc":{"start":{"line":8,"column":4},"end":{"line":9,"column":null}},"type":"if","locations":[{"start":{"line":8,"column":4},"end":{"line":9,"column":null}},{"start":{"line":9,"column":9},"end":{"line":9,"column":null}}]}},"s":{"0":0,"1":0,"2":0,"3":0,"4":0},"f":{"0":0,"1":0},"b":{"0":[0,0]}}
,"C:/Users/skira/HRMS-AVISOFT/src/components/core/auth/PrivateRoute.jsx": {"path":"C:/Users/skira/HRMS-AVISOFT/src/components/core/auth/PrivateRoute.jsx","statementMap":{"0":{"start":{"line":6,"column":23},"end":{"line":6,"column":null}},"1":{"start":{"line":6,"column":44},"end":{"line":6,"column":54}},"2":{"start":{"line":8,"column":4},"end":{"line":9,"column":null}},"3":{"start":{"line":8,"column":23},"end":{"line":8,"column":null}},"4":{"start":{"line":9,"column":9},"end":{"line":9,"column":null}}},"fnMap":{"0":{"name":"PrivateRoute","decl":{"start":{"line":5,"column":9},"end":{"line":5,"column":22}},"loc":{"start":{"line":5,"column":34},"end":{"line":10,"column":null}}},"1":{"name":"(anonymous_1)","decl":{"start":{"line":6,"column":35},"end":{"line":6,"column":44}},"loc":{"start":{"line":6,"column":44},"end":{"line":6,"column":54}}}},"branchMap":{"0":{"loc":{"start":{"line":8,"column":4},"end":{"line":9,"column":null}},"type":"if","locations":[{"start":{"line":8,"column":4},"end":{"line":9,"column":null}},{"start":{"line":9,"column":9},"end":{"line":9,"column":null}}]}},"s":{"0":0,"1":0,"2":0,"3":0,"4":0},"f":{"0":0,"1":0},"b":{"0":[0,0]}}
,"C:/Users/skira/HRMS-AVISOFT/src/pages/Home.jsx": {"path":"C:/Users/skira/HRMS-AVISOFT/src/pages/Home.jsx","statementMap":{"0":{"start":{"line":3,"column":13},"end":{"line":9,"column":null}},"1":{"start":{"line":4,"column":2},"end":{"line":7,"column":null}}},"fnMap":{"0":{"name":"(anonymous_0)","decl":{"start":{"line":3,"column":13},"end":{"line":3,"column":19}},"loc":{"start":{"line":3,"column":19},"end":{"line":9,"column":null}}}},"branchMap":{},"s":{"0":0,"1":0},"f":{"0":0},"b":{}}
,"C:/Users/skira/HRMS-AVISOFT/src/pages/Login.jsx": {"path":"C:/Users/skira/HRMS-AVISOFT/src/pages/Login.jsx","statementMap":{"0":{"start":{"line":4,"column":14},"end":{"line":10,"column":null}},"1":{"start":{"line":5,"column":2},"end":{"line":8,"column":null}}},"fnMap":{"0":{"name":"(anonymous_0)","decl":{"start":{"line":4,"column":14},"end":{"line":4,"column":20}},"loc":{"start":{"line":4,"column":20},"end":{"line":10,"column":null}}}},"branchMap":{},"s":{"0":0,"1":0},"f":{"0":0},"b":{}}
,"C:/Users/skira/HRMS-AVISOFT/src/reducer/index.js": {"path":"C:/Users/skira/HRMS-AVISOFT/src/reducer/index.js","statementMap":{"0":{"start":{"line":5,"column":18},"end":{"line":8,"column":2}}},"fnMap":{},"branchMap":{},"s":{"0":1},"f":{},"b":{}}
,"C:/Users/skira/HRMS-AVISOFT/src/services/apiconnector.js": {"path":"C:/Users/skira/HRMS-AVISOFT/src/services/apiconnector.js","statementMap":{"0":{"start":{"line":3,"column":27},"end":{"line":3,"column":43}},"1":{"start":{"line":5,"column":26},"end":{"line":13,"column":null}},"2":{"start":{"line":6,"column":4},"end":{"line":12,"column":7}}},"fnMap":{"0":{"name":"(anonymous_0)","decl":{"start":{"line":5,"column":26},"end":{"line":5,"column":27}},"loc":{"start":{"line":5,"column":65},"end":{"line":13,"column":null}}}},"branchMap":{"0":{"loc":{"start":{"line":9,"column":13},"end":{"line":9,"column":38}},"type":"cond-expr","locations":[{"start":{"line":9,"column":24},"end":{"line":9,"column":32}},{"start":{"line":9,"column":34},"end":{"line":9,"column":38}}]},"1":{"loc":{"start":{"line":10,"column":17},"end":{"line":10,"column":39}},"type":"cond-expr","locations":[{"start":{"line":10,"column":27},"end":{"line":10,"column":34}},{"start":{"line":10,"column":35},"end":{"line":10,"column":39}}]},"2":{"loc":{"start":{"line":11,"column":16},"end":{"line":11,"column":37}},"type":"cond-expr","locations":[{"start":{"line":11,"column":24},"end":{"line":11,"column":30}},{"start":{"line":11,"column":33},"end":{"line":11,"column":37}}]}},"s":{"0":1,"1":1,"2":0},"f":{"0":0},"b":{"0":[0,0],"1":[0,0],"2":[0,0]}}
,"C:/Users/skira/HRMS-AVISOFT/src/services/apis.js": {"path":"C:/Users/skira/HRMS-AVISOFT/src/services/apis.js","statementMap":{"0":{"start":{"line":1,"column":17},"end":{"line":1,"column":81}},"1":{"start":{"line":5,"column":29},"end":{"line":7,"column":1}}},"fnMap":{},"branchMap":{},"s":{"0":1,"1":1},"f":{},"b":{}}
,"C:/Users/skira/HRMS-AVISOFT/src/services/operations/authAPI.js": {"path":"C:/Users/skira/HRMS-AVISOFT/src/services/operations/authAPI.js","statementMap":{"0":{"start":{"line":9,"column":2},"end":{"line":9,"column":15}},"1":{"start":{"line":12,"column":4},"end":{"line":31,"column":13}},"2":{"start":{"line":13,"column":8},"end":{"line":13,"column":34}},"3":{"start":{"line":14,"column":8},"end":{"line":29,"column":17}},"4":{"start":{"line":15,"column":29},"end":{"line":17,"column":14}},"5":{"start":{"line":18,"column":12},"end":{"line":18,"column":66}},"6":{"start":{"line":20,"column":12},"end":{"line":20,"column":78}},"7":{"start":{"line":20,"column":39},"end":{"line":20,"column":78}},"8":{"start":{"line":22,"column":12},"end":{"line":22,"column":46}},"9":{"start":{"line":23,"column":12},"end":{"line":23,"column":51}},"10":{"start":{"line":24,"column":12},"end":{"line":24,"column":79}},"11":{"start":{"line":25,"column":12},"end":{"line":25,"column":26}},"12":{"start":{"line":28,"column":19},"end":{"line":28,"column":35}},"13":{"start":{"line":30,"column":12},"end":{"line":30,"column":39}}},"fnMap":{"0":{"name":"login","decl":{"start":{"line":11,"column":16},"end":{"line":11,"column":21}},"loc":{"start":{"line":11,"column":50},"end":{"line":32,"column":9}}},"1":{"name":"(anonymous_1)","decl":{"start":{"line":12,"column":11},"end":{"line":12,"column":16}},"loc":{"start":{"line":12,"column":30},"end":{"line":31,"column":13}}}},"branchMap":{"0":{"loc":{"start":{"line":20,"column":12},"end":{"line":20,"column":78}},"type":"if","locations":[{"start":{"line":20,"column":12},"end":{"line":20,"column":78}},{"start":{"line":20,"column":12},"end":{"line":20,"column":78}}]}},"s":{"0":1,"1":0,"2":0,"3":0,"4":0,"5":0,"6":0,"7":0,"8":0,"9":0,"10":0,"11":0,"12":0,"13":0},"f":{"0":0,"1":0},"b":{"0":[0,0]}}
,"C:/Users/skira/HRMS-AVISOFT/src/slices/authSlice.js": {"path":"C:/Users/skira/HRMS-AVISOFT/src/slices/authSlice.js","statementMap":{"0":{"start":{"line":3,"column":21},"end":{"line":6,"column":1}},"1":{"start":{"line":8,"column":18},"end":{"line":19,"column":2}},"2":{"start":{"line":13,"column":12},"end":{"line":13,"column":39}},"3":{"start":{"line":16,"column":12},"end":{"line":16,"column":41}},"4":{"start":{"line":21,"column":55},"end":{"line":21,"column":72}}},"fnMap":{"0":{"name":"(anonymous_0)","decl":{"start":{"line":12,"column":8},"end":{"line":12,"column":16}},"loc":{"start":{"line":12,"column":30},"end":{"line":14,"column":9}}},"1":{"name":"(anonymous_1)","decl":{"start":{"line":15,"column":8},"end":{"line":15,"column":18}},"loc":{"start":{"line":15,"column":32},"end":{"line":17,"column":9}}}},"branchMap":{"0":{"loc":{"start":{"line":4,"column":12},"end":{"line":4,"column":92}},"type":"cond-expr","locations":[{"start":{"line":4,"column":44},"end":{"line":4,"column":85}},{"start":{"line":4,"column":88},"end":{"line":4,"column":92}}]}},"s":{"0":1,"1":1,"2":0,"3":0,"4":1},"f":{"0":0,"1":0},"b":{"0":[0,1]}}
,"C:/Users/skira/HRMS-AVISOFT/src/store/store.js": {"path":"C:/Users/skira/HRMS-AVISOFT/src/store/store.js","statementMap":{"0":{"start":{"line":4,"column":19},"end":{"line":6,"column":null}}},"fnMap":{},"branchMap":{},"s":{"0":1},"f":{},"b":{}}
}
